# JRE version: Java(TM) SE Runtime Environment (8.0_191-b12) (build 1.8.0_191-b12)
# Java VM: Java HotSpot(TM) 64-Bit Server VM (25.191-b12 mixed mode linux-amd64 compressed oops)
Heap:
 PSYoungGen      total 553984K, used 5813K [0x00000000d6b80000, 0x00000000fa480000, 0x0000000100000000)
  eden space 527360K, 0% used [0x00000000d6b80000,0x00000000d6b80000,0x00000000f6e80000)
  from space 26624K, 21% used [0x00000000f7080000,0x00000000f762d770,0x00000000f8a80000)
  to   space 14336K, 0% used [0x00000000f9680000,0x00000000f9680000,0x00000000fa480000)
 ParOldGen       total 127488K, used 63863K [0x0000000084200000, 0x000000008be80000, 0x00000000d6b80000)
  object space 127488K, 50% used [0x0000000084200000,0x000000008805dcc8,0x000000008be80000)
 Metaspace       used 82066K, capacity 85288K, committed 85336K, reserved 1124352K
  class space    used 10775K, capacity 11335K, committed 11352K, reserved 1048576K
GC Heap History (10 events):
Event: 3,588 GC heap after
Heap after GC invocations=11 (full 2):
 PSYoungGen      total 334336K, used 16358K [0x00000000d6b80000, 0x00000000f2500000, 0x0000000100000000)
  eden space 317952K, 0% used [0x00000000d6b80000,0x00000000d6b80000,0x00000000ea200000)
  from space 16384K, 99% used [0x00000000ea200000,0x00000000eb1f9878,0x00000000eb200000)
  to   space 18944K, 0% used [0x00000000f1280000,0x00000000f1280000,0x00000000f2500000)
 ParOldGen       total 84992K, used 17609K [0x0000000084200000, 0x0000000089500000, 0x00000000d6b80000)
  object space 84992K, 20% used [0x0000000084200000,0x0000000085332468,0x0000000089500000)
 Metaspace       used 42785K, capacity 44452K, committed 44632K, reserved 1087488K
  class space    used 5549K, capacity 5866K, committed 5976K, reserved 1048576K
}
Event: 5,715 GC heap before
{Heap before GC invocations=12 (full 2):
 PSYoungGen      total 334336K, used 334310K [0x00000000d6b80000, 0x00000000f2500000, 0x0000000100000000)
  eden space 317952K, 100% used [0x00000000d6b80000,0x00000000ea200000,0x00000000ea200000)
  from space 16384K, 99% used [0x00000000ea200000,0x00000000eb1f9878,0x00000000eb200000)
  to   space 18944K, 0% used [0x00000000f1280000,0x00000000f1280000,0x00000000f2500000)
 ParOldGen       total 84992K, used 17609K [0x0000000084200000, 0x0000000089500000, 0x00000000d6b80000)
  object space 84992K, 20% used [0x0000000084200000,0x0000000085332468,0x0000000089500000)
 Metaspace       used 56744K, capacity 59000K, committed 59028K, reserved 1099776K
  class space    used 7457K, capacity 7868K, committed 7896K, reserved 1048576K
Event: 6,460 GC heap after
Heap after GC invocations=12 (full 2):
 PSYoungGen      total 427520K, used 18938K [0x00000000d6b80000, 0x00000000f5d80000, 0x0000000100000000)
  eden space 408576K, 0% used [0x00000000d6b80000,0x00000000d6b80000,0x00000000efa80000)
  from space 18944K, 99% used [0x00000000f1280000,0x00000000f24fe930,0x00000000f2500000)
  to   space 24576K, 0% used [0x00000000efa80000,0x00000000efa80000,0x00000000f1280000)
 ParOldGen       total 84992K, used 26241K [0x0000000084200000, 0x0000000089500000, 0x00000000d6b80000)
  object space 84992K, 30% used [0x0000000084200000,0x0000000085ba07c8,0x0000000089500000)
 Metaspace       used 56744K, capacity 59000K, committed 59028K, reserved 1099776K
  class space    used 7457K, capacity 7868K, committed 7896K, reserved 1048576K
}
Event: 6,460 GC heap before
{Heap before GC invocations=13 (full 3):
 PSYoungGen      total 427520K, used 18938K [0x00000000d6b80000, 0x00000000f5d80000, 0x0000000100000000)
  eden space 408576K, 0% used [0x00000000d6b80000,0x00000000d6b80000,0x00000000efa80000)
  from space 18944K, 99% used [0x00000000f1280000,0x00000000f24fe930,0x00000000f2500000)
  to   space 24576K, 0% used [0x00000000efa80000,0x00000000efa80000,0x00000000f1280000)
 ParOldGen       total 84992K, used 26241K [0x0000000084200000, 0x0000000089500000, 0x00000000d6b80000)
  object space 84992K, 30% used [0x0000000084200000,0x0000000085ba07c8,0x0000000089500000)
 Metaspace       used 56744K, capacity 59000K, committed 59028K, reserved 1099776K
  class space    used 7457K, capacity 7868K, committed 7896K, reserved 1048576K
Event: 6,957 GC heap after
Heap after GC invocations=13 (full 3):
 PSYoungGen      total 427520K, used 0K [0x00000000d6b80000, 0x00000000f5d80000, 0x0000000100000000)
  eden space 408576K, 0% used [0x00000000d6b80000,0x00000000d6b80000,0x00000000efa80000)
  from space 18944K, 0% used [0x00000000f1280000,0x00000000f1280000,0x00000000f2500000)
  to   space 24576K, 0% used [0x00000000efa80000,0x00000000efa80000,0x00000000f1280000)
 ParOldGen       total 127488K, used 42311K [0x0000000084200000, 0x000000008be80000, 0x00000000d6b80000)
  object space 127488K, 33% used [0x0000000084200000,0x0000000086b51d00,0x000000008be80000)
 Metaspace       used 56744K, capacity 59000K, committed 59028K, reserved 1099776K
  class space    used 7457K, capacity 7868K, committed 7896K, reserved 1048576K
}
Event: 10,220 GC heap before
{Heap before GC invocations=14 (full 3):
 PSYoungGen      total 427520K, used 408576K [0x00000000d6b80000, 0x00000000f5d80000, 0x0000000100000000)
  eden space 408576K, 100% used [0x00000000d6b80000,0x00000000efa80000,0x00000000efa80000)
  from space 18944K, 0% used [0x00000000f1280000,0x00000000f1280000,0x00000000f2500000)
  to   space 24576K, 0% used [0x00000000efa80000,0x00000000efa80000,0x00000000f1280000)
 ParOldGen       total 127488K, used 42311K [0x0000000084200000, 0x000000008be80000, 0x00000000d6b80000)
  object space 127488K, 33% used [0x0000000084200000,0x0000000086b51d00,0x000000008be80000)
 Metaspace       used 70774K, capacity 73440K, committed 73688K, reserved 1114112K
  class space    used 9410K, capacity 9876K, committed 9944K, reserved 1048576K
Event: 10,237 GC heap after
Heap after GC invocations=14 (full 3):
 PSYoungGen      total 433152K, used 22911K [0x00000000d6b80000, 0x00000000fb180000, 0x0000000100000000)
  eden space 408576K, 0% used [0x00000000d6b80000,0x00000000d6b80000,0x00000000efa80000)
  from space 24576K, 93% used [0x00000000efa80000,0x00000000f10dfe70,0x00000000f1280000)
  to   space 27648K, 0% used [0x00000000f9680000,0x00000000f9680000,0x00000000fb180000)
 ParOldGen       total 127488K, used 42319K [0x0000000084200000, 0x000000008be80000, 0x00000000d6b80000)
  object space 127488K, 33% used [0x0000000084200000,0x0000000086b53d00,0x000000008be80000)
 Metaspace       used 70774K, capacity 73440K, committed 73688K, reserved 1114112K
  class space    used 9410K, capacity 9876K, committed 9944K, reserved 1048576K
}
Event: 11,701 GC heap before
{Heap before GC invocations=15 (full 3):
 PSYoungGen      total 433152K, used 431487K [0x00000000d6b80000, 0x00000000fb180000, 0x0000000100000000)
  eden space 408576K, 100% used [0x00000000d6b80000,0x00000000efa80000,0x00000000efa80000)
  from space 24576K, 93% used [0x00000000efa80000,0x00000000f10dfe70,0x00000000f1280000)
  to   space 27648K, 0% used [0x00000000f9680000,0x00000000f9680000,0x00000000fb180000)
 ParOldGen       total 127488K, used 42319K [0x0000000084200000, 0x000000008be80000, 0x00000000d6b80000)
  object space 127488K, 33% used [0x0000000084200000,0x0000000086b53d00,0x000000008be80000)
 Metaspace       used 77262K, capacity 80190K, committed 80344K, reserved 1118208K
  class space    used 10196K, capacity 10700K, committed 10712K, reserved 1048576K
Event: 11,721 GC heap after
Heap after GC invocations=15 (full 3):
 PSYoungGen      total 541696K, used 14029K [0x00000000d6b80000, 0x00000000fa480000, 0x0000000100000000)
  eden space 527360K, 0% used [0x00000000d6b80000,0x00000000d6b80000,0x00000000f6e80000)
  from space 14336K, 97% used [0x00000000f9680000,0x00000000fa433768,0x00000000fa480000)
  to   space 26624K, 0% used [0x00000000f7080000,0x00000000f7080000,0x00000000f8a80000)
 ParOldGen       total 127488K, used 54722K [0x0000000084200000, 0x000000008be80000, 0x00000000d6b80000)
  object space 127488K, 42% used [0x0000000084200000,0x0000000087770970,0x000000008be80000)
 Metaspace       used 77262K, capacity 80190K, committed 80344K, reserved 1118208K
  class space    used 10196K, capacity 10700K, committed 10712K, reserved 1048576K
}
Event: 1146,932 GC heap before
{Heap before GC invocations=16 (full 3):
 PSYoungGen      total 541696K, used 541389K [0x00000000d6b80000, 0x00000000fa480000, 0x0000000100000000)
  eden space 527360K, 100% used [0x00000000d6b80000,0x00000000f6e80000,0x00000000f6e80000)
  from space 14336K, 97% used [0x00000000f9680000,0x00000000fa433768,0x00000000fa480000)
  to   space 26624K, 0% used [0x00000000f7080000,0x00000000f7080000,0x00000000f8a80000)
 ParOldGen       total 127488K, used 54722K [0x0000000084200000, 0x000000008be80000, 0x00000000d6b80000)
  object space 127488K, 42% used [0x0000000084200000,0x0000000087770970,0x000000008be80000)
 Metaspace       used 82066K, capacity 85288K, committed 85336K, reserved 1124352K
  class space    used 10775K, capacity 11335K, committed 11352K, reserved 1048576K

